2021-07-25 15:26:35.4339 INFO Starting New Testing procedure.
2021-07-25 15:26:35.4649 INFO Launcing driver...
2021-07-25 15:26:39.9020 INFO Drvier is up.
2021-07-25 15:26:39.9221 INFO TEST CheckNumberOfVacancies starts with input parameters: department - Разработка продуктов, language - Английский, expected number of vacancies - 6
2021-07-25 15:26:42.1426 INFO Test passed successfully
2021-07-25 15:26:42.1872 INFO Test is finished
2021-07-25 15:26:42.1872 INFO TEST CheckNumberOfVacancies starts with input parameters: department - Продажи, language - Немецкий, expected number of vacancies - 2
2021-07-25 15:26:44.0814 INFO Test passed successfully
2021-07-25 15:26:44.1334 INFO Test is finished
2021-07-25 15:26:44.1394 INFO Testing procedure finished execution.
2021-07-25 15:27:36.9108 INFO Starting New Testing procedure.
2021-07-25 15:27:36.9318 INFO Launcing driver...
2021-07-25 15:27:40.4406 INFO Drvier is up.
2021-07-25 15:27:40.4586 INFO Test CheckNumberOfVacancies starts with input parameters: department - Разработка продуктов, language - Английский, expected number of vacancies - 6
2021-07-25 15:27:41.2325 INFO Test passed successfully
2021-07-25 15:27:41.2846 INFO Test is finished
2021-07-25 15:27:41.2846 INFO Testing procedure finished execution.
2021-07-25 15:27:52.3712 INFO Starting New Testing procedure.
2021-07-25 15:27:52.3922 INFO Launcing driver...
2021-07-25 15:27:57.6160 INFO Drvier is up.
2021-07-25 15:27:57.6310 INFO Test CheckNumberOfVacancies starts with input parameters: department - Разработка продуктов, language - Английский, expected number of vacancies - 6
2021-07-25 15:27:58.7470 INFO Test passed successfully
2021-07-25 15:27:58.7940 INFO Test is finished
2021-07-25 15:27:58.7990 INFO Test CheckNumberOfVacancies starts with input parameters: department - цуацуа, language - Немецкий, expected number of vacancies - 2
2021-07-25 15:28:00.2522 ERROR Couln't locate department - цуацуа
2021-07-25 15:28:01.3614 ERROR Couln't locate language - Немецкий
2021-07-25 15:28:01.6084 ERROR Test result is different from expected value
2021-07-25 15:28:01.6524 INFO Test is finished
2021-07-25 15:28:01.6594 INFO Testing procedure finished execution.
2021-07-25 15:29:32.8357 INFO Starting New Testing procedure.
2021-07-25 15:29:32.8557 INFO Launcing driver...
2021-07-25 15:29:36.5762 INFO Drvier is up.
2021-07-25 15:29:36.6002 INFO Test CheckNumberOfVacancies starts with input parameters: department - Разработка продуктов, language - Английский, expected number of vacancies - 6
2021-07-25 15:29:37.3042 INFO Test passed successfully
2021-07-25 15:29:37.3672 INFO Test is finished
2021-07-25 15:29:37.3672 INFO Test CheckNumberOfVacancies starts with input parameters: department - цуацуа, language - Немецкий, expected number of vacancies - 2
2021-07-25 15:29:38.1269 ERROR Test Failed. Couln't locate department - цуацуа
2021-07-25 15:31:41.6981 INFO Starting New Testing procedure.
2021-07-25 15:31:41.7201 INFO Launcing driver...
2021-07-25 15:31:46.0180 INFO Drvier is up.
2021-07-25 15:31:46.0180 INFO Test CheckNumberOfVacancies starts with input parameters: department - Разработка продуктов, language - Английский, expected number of vacancies - 6
2021-07-25 15:31:46.8089 INFO Test passed successfully
2021-07-25 15:31:46.8599 INFO Test CheckNumberOfVacancies starts with input parameters: department - цуацуа, language - Немецкий, expected number of vacancies - 2
2021-07-25 15:31:47.6769 ERROR Test Failed. Couln't locate department - цуацуа
2021-07-25 15:31:47.9059 INFO Testing procedure finished execution.
2021-07-25 15:32:30.2115 INFO Starting New Testing procedure.
2021-07-25 15:32:30.2315 INFO Launcing driver...
2021-07-25 15:32:33.5146 INFO Drvier is up.
2021-07-25 15:32:33.5146 INFO Test CheckNumberOfVacancies starts with input parameters: department - Разработка продуктов, language - Английский, expected number of vacancies - 6
2021-07-25 15:32:34.5915 INFO Test passed successfully
2021-07-25 15:32:34.6365 INFO Test CheckNumberOfVacancies starts with input parameters: department - цуацуа, language - Немецкий, expected number of vacancies - 2
2021-07-25 15:32:35.8605 ERROR Test Failed. Couln't locate department - цуацуа
2021-07-25 15:32:36.0225 INFO Test CheckNumberOfVacancies starts with input parameters: department - Разработка продуктов, language - Английский, expected number of vacancies - 6
2021-07-25 15:32:36.0705 ERROR Test Failed. Couln't locate department - Разработка продуктов
2021-07-25 15:32:36.0705 INFO Testing procedure finished execution.
2021-07-25 15:32:58.6006 INFO Starting New Testing procedure.
2021-07-25 15:32:58.6226 INFO Launcing driver...
2021-07-25 15:33:02.8546 INFO Drvier is up.
2021-07-25 15:33:02.8626 INFO Test CheckNumberOfVacancies starts with input parameters: department - Разработка продуктов, language - Английский, expected number of vacancies - 6
2021-07-25 15:33:03.5846 INFO Test passed successfully
2021-07-25 15:33:03.6506 INFO Test CheckNumberOfVacancies starts with input parameters: department - цуацуа, language - Немецкий, expected number of vacancies - 2
2021-07-25 15:33:04.5104 ERROR Test Failed. Couln't locate department - цуацуа
2021-07-25 15:33:04.7274 INFO Test CheckNumberOfVacancies starts with input parameters: department - Разработка продуктов, language - Английский, expected number of vacancies - 6
2021-07-25 15:33:05.0254 ERROR Test Failed. Couln't locate department - Разработка продуктов
2021-07-25 15:33:05.0324 INFO Testing procedure finished execution.
2021-07-25 15:33:22.5235 INFO Starting New Testing procedure.
2021-07-25 15:33:22.5445 INFO Launcing driver...
2021-07-25 15:33:26.3363 INFO Drvier is up.
2021-07-25 15:33:26.3513 INFO Test CheckNumberOfVacancies starts with input parameters: department - Разработка продуктов, language - Английский, expected number of vacancies - 6
2021-07-25 15:33:27.0604 INFO Test passed successfully
2021-07-25 15:33:27.1174 INFO Test CheckNumberOfVacancies starts with input parameters: department - цуацуа, language - Немецкий, expected number of vacancies - 2
2021-07-25 15:33:27.8384 ERROR Test Failed. Couln't locate department - цуацуа
2021-07-25 15:33:28.0284 INFO Testing procedure finished execution.
2021-07-25 15:34:24.8746 INFO Starting New Testing procedure.
2021-07-25 15:34:24.8956 INFO Launcing driver...
2021-07-25 15:34:28.4729 INFO Drvier is up.
2021-07-25 15:34:28.4729 INFO Test CheckNumberOfVacancies starts with input parameters: department - Разработка продуктов, language - Английский, expected number of vacancies - 6
2021-07-25 15:34:29.3936 INFO Test passed successfully
2021-07-25 15:34:29.4566 INFO Test CheckNumberOfVacancies starts with input parameters: department - цуацуа, language - Немецкий, expected number of vacancies - 2
2021-07-25 15:34:30.3656 ERROR Test Failed. Couln't locate department - цуацуа
2021-07-25 15:34:31.5188 ERROR Test Failed. Couln't locate language - Немецкий
2021-07-25 15:34:31.7063 ERROR Test Failed. Test result is different from expected value
2021-07-25 15:34:31.7563 INFO Test CheckNumberOfVacancies starts with input parameters: department - Разработка продуктов, language - Немецкий, expected number of vacancies - 6
2021-07-25 15:34:33.0754 ERROR Test Failed. Test result is different from expected value
2021-07-25 15:34:33.1254 INFO Testing procedure finished execution.
2021-07-25 15:35:26.6546 INFO Starting New Testing procedure.
2021-07-25 15:35:26.6756 INFO Launcing driver...
2021-07-25 15:35:30.8451 INFO Drvier is up.
2021-07-25 15:35:30.8581 INFO Test CheckNumberOfVacancies starts with input parameters: department - Разработка продуктов, language - Английский, expected number of vacancies - 6
2021-07-25 15:35:31.7548 INFO Test passed successfully
2021-07-25 15:35:31.8008 INFO Testing procedure finished execution.
